have_header: checking for ruby/st.h... -------------------- yes

"clang -o conftest -I/Users/pamela/.rbenv/versions/2.6.1/include/ruby-2.6.0/x86_64-darwin15 -I/Users/pamela/.rbenv/versions/2.6.1/include/ruby-2.6.0/ruby/backward -I/Users/pamela/.rbenv/versions/2.6.1/include/ruby-2.6.0 -I. -I/Users/pamela/.rbenv/versions/2.6.1/include  -D_XOPEN_SOURCE -D_DARWIN_C_SOURCE -D_DARWIN_UNLIMITED_SELECT -D_REENTRANT    -O3 -Wno-error=shorten-64-to-32  -fno-common -pipe conftest.c  -L. -L/Users/pamela/.rbenv/versions/2.6.1/lib -L. -L/Users/pamela/.rbenv/versions/2.6.1/lib  -fstack-protector-strong -L/usr/local/lib     -lruby.2.6   "
checked program was:
/* begin */
1: #include "ruby.h"
2: 
3: int main(int argc, char **argv)
4: {
5:   return 0;
6: }
/* end */

"clang -E -I/Users/pamela/.rbenv/versions/2.6.1/include/ruby-2.6.0/x86_64-darwin15 -I/Users/pamela/.rbenv/versions/2.6.1/include/ruby-2.6.0/ruby/backward -I/Users/pamela/.rbenv/versions/2.6.1/include/ruby-2.6.0 -I. -I/Users/pamela/.rbenv/versions/2.6.1/include  -D_XOPEN_SOURCE -D_DARWIN_C_SOURCE -D_DARWIN_UNLIMITED_SELECT -D_REENTRANT    -O3 -Wno-error=shorten-64-to-32  -fno-common -pipe  conftest.c -o conftest.i"
checked program was:
/* begin */
1: #include "ruby.h"
2: 
3: #include <ruby/st.h>
/* end */

--------------------

have_header: checking for st.h... -------------------- yes

"clang -E -I/Users/pamela/.rbenv/versions/2.6.1/include/ruby-2.6.0/x86_64-darwin15 -I/Users/pamela/.rbenv/versions/2.6.1/include/ruby-2.6.0/ruby/backward -I/Users/pamela/.rbenv/versions/2.6.1/include/ruby-2.6.0 -I. -I/Users/pamela/.rbenv/versions/2.6.1/include  -D_XOPEN_SOURCE -D_DARWIN_C_SOURCE -D_DARWIN_UNLIMITED_SELECT -D_REENTRANT    -O3 -Wno-error=shorten-64-to-32  -fno-common -pipe  conftest.c -o conftest.i"
In file included from conftest.c:3:
/Users/pamela/.rbenv/versions/2.6.1/include/ruby-2.6.0/ruby/backward/st.h:2:2: warning: use "ruby/st.h" instead of bare "st.h" [-W#warnings]
#warning use "ruby/st.h" instead of bare "st.h"
 ^
1 warning generated.
checked program was:
/* begin */
1: #include "ruby.h"
2: 
3: #include <st.h>
/* end */

--------------------

have_func: checking for rb_enc_interned_str() in ruby.h... -------------------- no

"clang -o conftest -I/Users/pamela/.rbenv/versions/2.6.1/include/ruby-2.6.0/x86_64-darwin15 -I/Users/pamela/.rbenv/versions/2.6.1/include/ruby-2.6.0/ruby/backward -I/Users/pamela/.rbenv/versions/2.6.1/include/ruby-2.6.0 -I. -I/Users/pamela/.rbenv/versions/2.6.1/include  -D_XOPEN_SOURCE -D_DARWIN_C_SOURCE -D_DARWIN_UNLIMITED_SELECT -D_REENTRANT    -O3 -Wno-error=shorten-64-to-32  -fno-common -pipe conftest.c  -L. -L/Users/pamela/.rbenv/versions/2.6.1/lib -L. -L/Users/pamela/.rbenv/versions/2.6.1/lib  -fstack-protector-strong -L/usr/local/lib     -lruby.2.6   "
conftest.c:16:57: error: use of undeclared identifier 'rb_enc_interned_str'
int t(void) { void ((*volatile p)()); p = (void ((*)()))rb_enc_interned_str; return !p; }
                                                        ^
1 error generated.
checked program was:
/* begin */
 1: #include "ruby.h"
 2: 
 3: #include <ruby.h>
 4: 
 5: /*top*/
 6: extern int t(void);
 7: int main(int argc, char **argv)
 8: {
 9:   if (argc > 1000000) {
10:     int (* volatile tp)(void)=(int (*)(void))&t;
11:     printf("%d", (*tp)());
12:   }
13: 
14:   return 0;
15: }
16: int t(void) { void ((*volatile p)()); p = (void ((*)()))rb_enc_interned_str; return !p; }
/* end */

"clang -o conftest -I/Users/pamela/.rbenv/versions/2.6.1/include/ruby-2.6.0/x86_64-darwin15 -I/Users/pamela/.rbenv/versions/2.6.1/include/ruby-2.6.0/ruby/backward -I/Users/pamela/.rbenv/versions/2.6.1/include/ruby-2.6.0 -I. -I/Users/pamela/.rbenv/versions/2.6.1/include  -D_XOPEN_SOURCE -D_DARWIN_C_SOURCE -D_DARWIN_UNLIMITED_SELECT -D_REENTRANT    -O3 -Wno-error=shorten-64-to-32  -fno-common -pipe conftest.c  -L. -L/Users/pamela/.rbenv/versions/2.6.1/lib -L. -L/Users/pamela/.rbenv/versions/2.6.1/lib  -fstack-protector-strong -L/usr/local/lib     -lruby.2.6   "
Undefined symbols for architecture x86_64:
  "_rb_enc_interned_str", referenced from:
      _t in conftest-41b2b0.o
ld: symbol(s) not found for architecture x86_64
clang: error: linker command failed with exit code 1 (use -v to see invocation)
checked program was:
/* begin */
 1: #include "ruby.h"
 2: 
 3: #include <ruby.h>
 4: 
 5: /*top*/
 6: extern int t(void);
 7: int main(int argc, char **argv)
 8: {
 9:   if (argc > 1000000) {
10:     int (* volatile tp)(void)=(int (*)(void))&t;
11:     printf("%d", (*tp)());
12:   }
13: 
14:   return 0;
15: }
16: extern void rb_enc_interned_str();
17: int t(void) { rb_enc_interned_str(); return 0; }
/* end */

--------------------

have_func: checking for rb_hash_new_capa() in ruby.h... -------------------- no

"clang -o conftest -I/Users/pamela/.rbenv/versions/2.6.1/include/ruby-2.6.0/x86_64-darwin15 -I/Users/pamela/.rbenv/versions/2.6.1/include/ruby-2.6.0/ruby/backward -I/Users/pamela/.rbenv/versions/2.6.1/include/ruby-2.6.0 -I. -I/Users/pamela/.rbenv/versions/2.6.1/include  -D_XOPEN_SOURCE -D_DARWIN_C_SOURCE -D_DARWIN_UNLIMITED_SELECT -D_REENTRANT    -O3 -Wno-error=shorten-64-to-32  -fno-common -pipe conftest.c  -L. -L/Users/pamela/.rbenv/versions/2.6.1/lib -L. -L/Users/pamela/.rbenv/versions/2.6.1/lib  -fstack-protector-strong -L/usr/local/lib     -lruby.2.6   "
conftest.c:16:57: error: use of undeclared identifier 'rb_hash_new_capa'
int t(void) { void ((*volatile p)()); p = (void ((*)()))rb_hash_new_capa; return !p; }
                                                        ^
1 error generated.
checked program was:
/* begin */
 1: #include "ruby.h"
 2: 
 3: #include <ruby.h>
 4: 
 5: /*top*/
 6: extern int t(void);
 7: int main(int argc, char **argv)
 8: {
 9:   if (argc > 1000000) {
10:     int (* volatile tp)(void)=(int (*)(void))&t;
11:     printf("%d", (*tp)());
12:   }
13: 
14:   return 0;
15: }
16: int t(void) { void ((*volatile p)()); p = (void ((*)()))rb_hash_new_capa; return !p; }
/* end */

"clang -o conftest -I/Users/pamela/.rbenv/versions/2.6.1/include/ruby-2.6.0/x86_64-darwin15 -I/Users/pamela/.rbenv/versions/2.6.1/include/ruby-2.6.0/ruby/backward -I/Users/pamela/.rbenv/versions/2.6.1/include/ruby-2.6.0 -I. -I/Users/pamela/.rbenv/versions/2.6.1/include  -D_XOPEN_SOURCE -D_DARWIN_C_SOURCE -D_DARWIN_UNLIMITED_SELECT -D_REENTRANT    -O3 -Wno-error=shorten-64-to-32  -fno-common -pipe conftest.c  -L. -L/Users/pamela/.rbenv/versions/2.6.1/lib -L. -L/Users/pamela/.rbenv/versions/2.6.1/lib  -fstack-protector-strong -L/usr/local/lib     -lruby.2.6   "
Undefined symbols for architecture x86_64:
  "_rb_hash_new_capa", referenced from:
      _t in conftest-80f957.o
ld: symbol(s) not found for architecture x86_64
clang: error: linker command failed with exit code 1 (use -v to see invocation)
checked program was:
/* begin */
 1: #include "ruby.h"
 2: 
 3: #include <ruby.h>
 4: 
 5: /*top*/
 6: extern int t(void);
 7: int main(int argc, char **argv)
 8: {
 9:   if (argc > 1000000) {
10:     int (* volatile tp)(void)=(int (*)(void))&t;
11:     printf("%d", (*tp)());
12:   }
13: 
14:   return 0;
15: }
16: extern void rb_hash_new_capa();
17: int t(void) { rb_hash_new_capa(); return 0; }
/* end */

--------------------

